Hello World. Testing![Tue, 12 Sep 2017 20:39:37] toto
[Tue, 12 Sep 2017 20:39:38] toto
[Tue, 12 Sep 2017 20:40:55] toto
[Tue, 12 Sep 2017 20:41:11] 
[Tue, 12 Sep 2017 20:41:25] 22
[Tue, 12 Sep 2017 20:49:21] 22
[Tue, 12 Sep 2017 20:49:41] 22
[Tue, 12 Sep 2017 21:01:21] 22
[Tue, 12 Sep 2017 21:01:39] 22
[Tue, 12 Sep 2017 21:10:38] 22
[Tue, 12 Sep 2017 21:14:15] 22
[Tue, 12 Sep 2017 21:14:16] 22
[Tue, 12 Sep 2017 21:16:33] 22
[Tue, 12 Sep 2017 21:18:02] 22
[Tue, 12 Sep 2017 21:19:23] 22
[Tue, 12 Sep 2017 21:20:53] 22
[Tue, 12 Sep 2017 21:21:49] 22
[Tue, 12 Sep 2017 21:22:11] 22
[Wed, 13 Sep 2017 21:02:14] 22
[Wed, 13 Sep 2017 21:04:31] 22
[Wed, 13 Sep 2017 21:04:52] 22
[Wed, 13 Sep 2017 21:04:52] 22
[Wed, 13 Sep 2017 21:04:53] 22
[Wed, 13 Sep 2017 21:11:57] 22
[Wed, 13 Sep 2017 21:16:59] 22
[Wed, 13 Sep 2017 21:17:28] 22
[Wed, 13 Sep 2017 21:17:53] 22
[Wed, 13 Sep 2017 21:17:54] 22
